This file contains any messages produced by compilers while
running configure, to aid debugging if configure makes a mistake.

It was created by configure, which was
generated by GNU Autoconf 2.57.  Invocation command line was

  $ ./configure 

## --------- ##
## Platform. ##
## --------- ##

hostname = 192.168.0.106
uname -m = x86_64
uname -r = 18.6.0
uname -s = Darwin
uname -v = Darwin Kernel Version 18.6.0: Thu Apr 25 23:16:27 PDT 2019; root:xnu-4903.261.4~2/RELEASE_X86_64

/usr/bin/uname -p = i386
/bin/uname -X     = unknown

/bin/arch              = unknown
/usr/bin/arch -k       = unknown
/usr/convex/getsysinfo = unknown
hostinfo               = Mach kernel version:
	 Darwin Kernel Version 18.6.0: Thu Apr 25 23:16:27 PDT 2019; root:xnu-4903.261.4~2/RELEASE_X86_64
Kernel configured for up to 4 processors.
2 processors are physically available.
4 processors are logically available.
Processor type: x86_64h (Intel x86-64h Haswell)
Processors active: 0 1 2 3
Primary memory available: 8.00 gigabytes
Default processor set: 414 tasks, 1590 threads, 4 processors
Load average: 2.32, Mach factor: 2.15
/bin/machine           = unknown
/usr/bin/oslevel       = unknown
/bin/universe          = unknown

PATH: /usr/local/bin
PATH: /usr/bin
PATH: /bin
PATH: /usr/sbin
PATH: /sbin
PATH: /Applications/VMware Fusion.app/Contents/Public
PATH: /Library/TeX/texbin
PATH: /opt/X11/bin
PATH: /Library/Frameworks/Mono.framework/Versions/Current/Commands


## ----------- ##
## Core tests. ##
## ----------- ##

configure:1253: checking build system type
configure:1271: result: i386-apple-darwin18.6.0
configure:1279: checking host system type
configure:1293: result: i386-apple-darwin18.6.0
configure:1362: checking for gcc
configure:1378: found /usr/bin/gcc
configure:1388: result: gcc
configure:1632: checking for C compiler version
configure:1635: gcc --version </dev/null >&5
Configured with: --prefix=/Applications/Xcode.app/Contents/Developer/usr --with-gxx-include-dir=/usr/include/c++/4.2.1
Apple LLVM version 10.0.1 (clang-1001.0.46.4)
Target: x86_64-apple-darwin18.6.0
Thread model: posix
InstalledDir: /Applications/Xcode.app/Contents/Developer/Toolchains/XcodeDefault.xctoolchain/usr/bin
configure:1638: $? = 0
configure:1640: gcc -v </dev/null >&5
Configured with: --prefix=/Applications/Xcode.app/Contents/Developer/usr --with-gxx-include-dir=/usr/include/c++/4.2.1
Apple LLVM version 10.0.1 (clang-1001.0.46.4)
Target: x86_64-apple-darwin18.6.0
Thread model: posix
InstalledDir: /Applications/Xcode.app/Contents/Developer/Toolchains/XcodeDefault.xctoolchain/usr/bin
configure:1643: $? = 0
configure:1645: gcc -V </dev/null >&5
clang: error: unsupported option '-V -Wno-atomic-implicit-seq-cst'
clang: error: no input files
configure:1648: $? = 1
configure:1672: checking for C compiler default output
configure:1675: gcc    conftest.c  >&5
configure:1678: $? = 0
configure:1724: result: a.out
configure:1729: checking whether the C compiler works
configure:1735: ./a.out
configure:1738: $? = 0
configure:1755: result: yes
configure:1762: checking whether we are cross compiling
configure:1764: result: no
configure:1767: checking for suffix of executables
configure:1769: gcc -o conftest    conftest.c  >&5
configure:1772: $? = 0
configure:1797: result: 
configure:1803: checking for suffix of object files
configure:1825: gcc -c   conftest.c >&5
configure:1828: $? = 0
configure:1850: result: o
configure:1854: checking whether we are using the GNU C compiler
configure:1879: gcc -c   conftest.c >&5
configure:1882: $? = 0
configure:1885: test -s conftest.o
configure:1888: $? = 0
configure:1901: result: yes
configure:1907: checking whether gcc accepts -g
configure:1929: gcc -c -g  conftest.c >&5
configure:1932: $? = 0
configure:1935: test -s conftest.o
configure:1938: $? = 0
configure:1949: result: yes
configure:1966: checking for gcc option to accept ANSI C
configure:2027: gcc  -c -g -O2  conftest.c >&5
configure:2030: $? = 0
configure:2033: test -s conftest.o
configure:2036: $? = 0
configure:2054: result: none needed
configure:2072: gcc -c -g -O2  conftest.c >&5
conftest.c:2:3: error: unknown type name 'choke'
  choke me
  ^
conftest.c:2:11: error: expected ';' after top level declarator
  choke me
          ^
          ;
2 errors generated.
configure:2075: $? = 1
configure: failed program was:
| #ifndef __cplusplus
|   choke me
| #endif
configure:2225: checking for ranlib
configure:2241: found /usr/bin/ranlib
configure:2252: result: ranlib
configure:2267: checking for pthread_create in -lpthread
configure:2298: gcc -o conftest -g -O2   conftest.c -lpthread   >&5
configure:2301: $? = 0
configure:2304: test -s conftest
configure:2307: $? = 0
configure:2319: result: yes
configure:2403: checking for t_open in -lnsl
configure:2434: gcc -o conftest -g -O2 -D_REENTRANT   conftest.c -lnsl  -lpthread  >&5
ld: library not found for -lnsl
clang: error: linker command failed with exit code 1 (use -v to see invocation)
configure:2437: $? = 1
configure: failed program was:
| #line 2410 "configure"
| /* confdefs.h.  */
| 
| #define PACKAGE_NAME ""
| #define PACKAGE_TARNAME ""
| #define PACKAGE_VERSION ""
| #define PACKAGE_STRING ""
| #define PACKAGE_BUGREPORT ""
| #define CPU_VENDOR_OS "i386-apple-darwin18.6.0"
| #define HAVE_LIBPTHREAD 1
| /* end confdefs.h.  */
| 
| /* Override any gcc2 internal prototype to avoid an error.  */
| #ifdef __cplusplus
| extern "C"
| #endif
| /* We use char because int might match the return type of a gcc2
|    builtin and then its argument prototype would still apply.  */
| char t_open ();
| int
| main ()
| {
| t_open ();
|   ;
|   return 0;
| }
configure:2455: result: no
configure:2466: checking for library containing socket
configure:2497: gcc -o conftest -g -O2 -D_REENTRANT   conftest.c -lpthread  >&5
configure:2500: $? = 0
configure:2503: test -s conftest
configure:2506: $? = 0
configure:2565: result: none required
configure:2573: checking for /usr/local/bind/lib/libbind.a
configure:2580: result: no
configure:2582: checking for /Users/evian/libbind.a
configure:2589: result: no
configure:2591: checking for /Users/evian/libresolv.a
configure:2598: result: no
configure:2601: checking for res_init in -lresolv
configure:2632: gcc -o conftest -g -O2 -D_REENTRANT   conftest.c -lresolv  -lpthread  >&5
configure:2635: $? = 0
configure:2638: test -s conftest
configure:2641: $? = 0
configure:2653: result: yes
configure:2669: checking for t_open in -lxti
configure:2700: gcc -o conftest -g -O2 -D_REENTRANT   conftest.c -lxti  -lresolv -lpthread  >&5
ld: library not found for -lxti
clang: error: linker command failed with exit code 1 (use -v to see invocation)
configure:2703: $? = 1
configure: failed program was:
| #line 2676 "configure"
| /* confdefs.h.  */
| 
| #define PACKAGE_NAME ""
| #define PACKAGE_TARNAME ""
| #define PACKAGE_VERSION ""
| #define PACKAGE_STRING ""
| #define PACKAGE_BUGREPORT ""
| #define CPU_VENDOR_OS "i386-apple-darwin18.6.0"
| #define HAVE_LIBPTHREAD 1
| #define HAVE_LIBRESOLV 1
| /* end confdefs.h.  */
| 
| /* Override any gcc2 internal prototype to avoid an error.  */
| #ifdef __cplusplus
| extern "C"
| #endif
| /* We use char because int might match the return type of a gcc2
|    builtin and then its argument prototype would still apply.  */
| char t_open ();
| int
| main ()
| {
| t_open ();
|   ;
|   return 0;
| }
configure:2721: result: no
configure:2733: checking for /Users/evian/libunp.a
configure:2741: result: no
configure:2747: checking for /Users/evian/libunpxti.a
configure:2755: result: no
configure:2766: checking how to run the C preprocessor
configure:2802: gcc -E  conftest.c
configure:2808: $? = 0
configure:2840: gcc -E  conftest.c
configure:2842:10: fatal error: 'ac_nonexistent.h' file not found
#include <ac_nonexistent.h>
         ^~~~~~~~~~~~~~~~~~
1 error generated.
configure:2846: $? = 1
configure: failed program was:
| #line 2831 "configure"
| /* confdefs.h.  */
| 
| #define PACKAGE_NAME ""
| #define PACKAGE_TARNAME ""
| #define PACKAGE_VERSION ""
| #define PACKAGE_STRING ""
| #define PACKAGE_BUGREPORT ""
| #define CPU_VENDOR_OS "i386-apple-darwin18.6.0"
| #define HAVE_LIBPTHREAD 1
| #define HAVE_LIBRESOLV 1
| /* end confdefs.h.  */
| #include <ac_nonexistent.h>
configure:2884: result: gcc -E
configure:2909: gcc -E  conftest.c
configure:2915: $? = 0
configure:2947: gcc -E  conftest.c
configure:2949:10: fatal error: 'ac_nonexistent.h' file not found
#include <ac_nonexistent.h>
         ^~~~~~~~~~~~~~~~~~
1 error generated.
configure:2953: $? = 1
configure: failed program was:
| #line 2938 "configure"
| /* confdefs.h.  */
| 
| #define PACKAGE_NAME ""
| #define PACKAGE_TARNAME ""
| #define PACKAGE_VERSION ""
| #define PACKAGE_STRING ""
| #define PACKAGE_BUGREPORT ""
| #define CPU_VENDOR_OS "i386-apple-darwin18.6.0"
| #define HAVE_LIBPTHREAD 1
| #define HAVE_LIBRESOLV 1
| /* end confdefs.h.  */
| #include <ac_nonexistent.h>
configure:2996: checking for egrep
configure:3006: result: grep -E
configure:3011: checking for ANSI C header files
configure:3037: gcc -c -g -O2 -D_REENTRANT  conftest.c >&5
configure:3040: $? = 0
configure:3043: test -s conftest.o
configure:3046: $? = 0
configure:3138: gcc -o conftest -g -O2 -D_REENTRANT   conftest.c -lresolv -lpthread  >&5
configure:3134:7: warning: implicitly declaring library function 'exit' with type 'void (int) __attribute__((noreturn))' [-Wimplicit-function-declaration]
      exit(2);
      ^
configure:3134:7: note: include the header <stdlib.h> or explicitly provide a declaration for 'exit'
1 warning generated.
configure:3141: $? = 0
configure:3143: ./conftest
configure:3146: $? = 0
configure:3161: result: yes
configure:3208: checking for sys/types.h
configure:3262: gcc -c -g -O2 -D_REENTRANT  conftest.c >&5
configure:3265: $? = 0
configure:3268: test -s conftest.o
configure:3271: $? = 0
configure:3282: result: yes
configure:3208: checking for sys/socket.h
configure:3262: gcc -c -g -O2 -D_REENTRANT  conftest.c >&5
configure:3265: $? = 0
configure:3268: test -s conftest.o
configure:3271: $? = 0
configure:3282: result: yes
configure:3208: checking for sys/time.h
configure:3262: gcc -c -g -O2 -D_REENTRANT  conftest.c >&5
configure:3265: $? = 0
configure:3268: test -s conftest.o
configure:3271: $? = 0
configure:3282: result: yes
configure:3208: checking for time.h
configure:3262: gcc -c -g -O2 -D_REENTRANT  conftest.c >&5
configure:3265: $? = 0
configure:3268: test -s conftest.o
configure:3271: $? = 0
configure:3282: result: yes
configure:3208: checking for netinet/in.h
configure:3262: gcc -c -g -O2 -D_REENTRANT  conftest.c >&5
configure:3265: $? = 0
configure:3268: test -s conftest.o
configure:3271: $? = 0
configure:3282: result: yes
configure:3208: checking for arpa/inet.h
configure:3262: gcc -c -g -O2 -D_REENTRANT  conftest.c >&5
configure:3265: $? = 0
configure:3268: test -s conftest.o
configure:3271: $? = 0
configure:3282: result: yes
configure:3208: checking for errno.h
configure:3262: gcc -c -g -O2 -D_REENTRANT  conftest.c >&5
configure:3265: $? = 0
configure:3268: test -s conftest.o
configure:3271: $? = 0
configure:3282: result: yes
configure:3208: checking for fcntl.h
configure:3262: gcc -c -g -O2 -D_REENTRANT  conftest.c >&5
configure:3265: $? = 0
configure:3268: test -s conftest.o
configure:3271: $? = 0
configure:3282: result: yes
configure:3208: checking for netdb.h
configure:3262: gcc -c -g -O2 -D_REENTRANT  conftest.c >&5
configure:3265: $? = 0
configure:3268: test -s conftest.o
configure:3271: $? = 0
configure:3282: result: yes
configure:3208: checking for signal.h
configure:3262: gcc -c -g -O2 -D_REENTRANT  conftest.c >&5
configure:3265: $? = 0
configure:3268: test -s conftest.o
configure:3271: $? = 0
configure:3282: result: yes
configure:3208: checking for stdio.h
configure:3262: gcc -c -g -O2 -D_REENTRANT  conftest.c >&5
configure:3265: $? = 0
configure:3268: test -s conftest.o
configure:3271: $? = 0
configure:3282: result: yes
configure:3208: checking for stdlib.h
configure:3262: gcc -c -g -O2 -D_REENTRANT  conftest.c >&5
configure:3265: $? = 0
configure:3268: test -s conftest.o
configure:3271: $? = 0
configure:3282: result: yes
configure:3208: checking for string.h
configure:3262: gcc -c -g -O2 -D_REENTRANT  conftest.c >&5
configure:3265: $? = 0
configure:3268: test -s conftest.o
configure:3271: $? = 0
configure:3282: result: yes
configure:3208: checking for sys/stat.h
configure:3262: gcc -c -g -O2 -D_REENTRANT  conftest.c >&5
configure:3265: $? = 0
configure:3268: test -s conftest.o
configure:3271: $? = 0
configure:3282: result: yes
configure:3208: checking for sys/uio.h
configure:3262: gcc -c -g -O2 -D_REENTRANT  conftest.c >&5
configure:3265: $? = 0
configure:3268: test -s conftest.o
configure:3271: $? = 0
configure:3282: result: yes
configure:3208: checking for unistd.h
configure:3262: gcc -c -g -O2 -D_REENTRANT  conftest.c >&5
configure:3265: $? = 0
configure:3268: test -s conftest.o
configure:3271: $? = 0
configure:3282: result: yes
configure:3208: checking for sys/wait.h
configure:3262: gcc -c -g -O2 -D_REENTRANT  conftest.c >&5
configure:3265: $? = 0
configure:3268: test -s conftest.o
configure:3271: $? = 0
configure:3282: result: yes
configure:3208: checking for sys/un.h
configure:3262: gcc -c -g -O2 -D_REENTRANT  conftest.c >&5
configure:3265: $? = 0
configure:3268: test -s conftest.o
configure:3271: $? = 0
configure:3282: result: yes
configure:3208: checking for sys/param.h
configure:3262: gcc -c -g -O2 -D_REENTRANT  conftest.c >&5
configure:3265: $? = 0
configure:3268: test -s conftest.o
configure:3271: $? = 0
configure:3282: result: yes
configure:3208: checking for sys/select.h
configure:3262: gcc -c -g -O2 -D_REENTRANT  conftest.c >&5
configure:3265: $? = 0
configure:3268: test -s conftest.o
configure:3271: $? = 0
configure:3282: result: yes
configure:3208: checking for sys/sysctl.h
configure:3262: gcc -c -g -O2 -D_REENTRANT  conftest.c >&5
configure:3265: $? = 0
configure:3268: test -s conftest.o
configure:3271: $? = 0
configure:3282: result: yes
configure:3208: checking for poll.h
configure:3262: gcc -c -g -O2 -D_REENTRANT  conftest.c >&5
configure:3265: $? = 0
configure:3268: test -s conftest.o
configure:3271: $? = 0
configure:3282: result: yes
configure:3208: checking for sys/event.h
configure:3262: gcc -c -g -O2 -D_REENTRANT  conftest.c >&5
configure:3265: $? = 0
configure:3268: test -s conftest.o
configure:3271: $? = 0
configure:3282: result: yes
configure:3208: checking for strings.h
configure:3262: gcc -c -g -O2 -D_REENTRANT  conftest.c >&5
configure:3265: $? = 0
configure:3268: test -s conftest.o
configure:3271: $? = 0
configure:3282: result: yes
configure:3208: checking for sys/ioctl.h
configure:3262: gcc -c -g -O2 -D_REENTRANT  conftest.c >&5
configure:3265: $? = 0
configure:3268: test -s conftest.o
configure:3271: $? = 0
configure:3282: result: yes
configure:3208: checking for sys/filio.h
configure:3262: gcc -c -g -O2 -D_REENTRANT  conftest.c >&5
configure:3265: $? = 0
configure:3268: test -s conftest.o
configure:3271: $? = 0
configure:3282: result: yes
configure:3208: checking for sys/sockio.h
configure:3262: gcc -c -g -O2 -D_REENTRANT  conftest.c >&5
configure:3265: $? = 0
configure:3268: test -s conftest.o
configure:3271: $? = 0
configure:3282: result: yes
configure:3208: checking for pthread.h
configure:3262: gcc -c -g -O2 -D_REENTRANT  conftest.c >&5
configure:3265: $? = 0
configure:3268: test -s conftest.o
configure:3271: $? = 0
configure:3282: result: yes
configure:3208: checking for net/if_dl.h
configure:3262: gcc -c -g -O2 -D_REENTRANT  conftest.c >&5
configure:3265: $? = 0
configure:3268: test -s conftest.o
configure:3271: $? = 0
configure:3282: result: yes
configure:3208: checking for xti.h
configure:3262: gcc -c -g -O2 -D_REENTRANT  conftest.c >&5
configure:3293:10: fatal error: 'xti.h' file not found
#include <xti.h>
         ^~~~~~~
1 error generated.
configure:3265: $? = 1
configure: failed program was:
| #line 3213 "configure"
| /* confdefs.h.  */
| 
| #define PACKAGE_NAME ""
| #define PACKAGE_TARNAME ""
| #define PACKAGE_VERSION ""
| #define PACKAGE_STRING ""
| #define PACKAGE_BUGREPORT ""
| #define CPU_VENDOR_OS "i386-apple-darwin18.6.0"
| #define HAVE_LIBPTHREAD 1
| #define HAVE_LIBRESOLV 1
| #define STDC_HEADERS 1
| #define HAVE_SYS_TYPES_H 1
| #define HAVE_SYS_SOCKET_H 1
| #define HAVE_SYS_TIME_H 1
| #define HAVE_TIME_H 1
| #define HAVE_NETINET_IN_H 1
| #define HAVE_ARPA_INET_H 1
| #define HAVE_ERRNO_H 1
| #define HAVE_FCNTL_H 1
| #define HAVE_NETDB_H 1
| #define HAVE_SIGNAL_H 1
| #define HAVE_STDIO_H 1
| #define HAVE_STDLIB_H 1
| #define HAVE_STRING_H 1
| #define HAVE_SYS_STAT_H 1
| #define HAVE_SYS_UIO_H 1
| #define HAVE_UNISTD_H 1
| #define HAVE_SYS_WAIT_H 1
| #define HAVE_SYS_UN_H 1
| #define HAVE_SYS_PARAM_H 1
| #define HAVE_SYS_SELECT_H 1
| #define HAVE_SYS_SYSCTL_H 1
| #define HAVE_POLL_H 1
| #define HAVE_SYS_EVENT_H 1
| #define HAVE_STRINGS_H 1
| #define HAVE_SYS_IOCTL_H 1
| #define HAVE_SYS_FILIO_H 1
| #define HAVE_SYS_SOCKIO_H 1
| #define HAVE_PTHREAD_H 1
| #define HAVE_NET_IF_DL_H 1
| /* end confdefs.h.  */
| 
| #include <stdio.h>
| #if HAVE_SYS_TYPES_H
| # include <sys/types.h>
| #endif
| #if HAVE_SYS_STAT_H
| # include <sys/stat.h>
| #endif
| #if STDC_HEADERS
| # include <stdlib.h>
| # include <stddef.h>
| #else
| # if HAVE_STDLIB_H
| #  include <stdlib.h>
| # endif
| #endif
| #if HAVE_STRING_H
| # if !STDC_HEADERS && HAVE_MEMORY_H
| #  include <memory.h>
| # endif
| # include <string.h>
| #endif
| #if HAVE_STRINGS_H
| # include <strings.h>
| #endif
| #if HAVE_INTTYPES_H
| # include <inttypes.h>
| #else
| # if HAVE_STDINT_H
| #  include <stdint.h>
| # endif
| #endif
| #if HAVE_UNISTD_H
| # include <unistd.h>
| #endif
| #if HAVE_SYS_PARAM_H
| # include <sys/param.h>
| #endif
| 
| #include <xti.h>
configure:3282: result: no
configure:3208: checking for xti_inet.h
configure:3262: gcc -c -g -O2 -D_REENTRANT  conftest.c >&5
configure:3293:10: fatal error: 'xti_inet.h' file not found
#include <xti_inet.h>
         ^~~~~~~~~~~~
1 error generated.
configure:3265: $? = 1
configure: failed program was:
| #line 3213 "configure"
| /* confdefs.h.  */
| 
| #define PACKAGE_NAME ""
| #define PACKAGE_TARNAME ""
| #define PACKAGE_VERSION ""
| #define PACKAGE_STRING ""
| #define PACKAGE_BUGREPORT ""
| #define CPU_VENDOR_OS "i386-apple-darwin18.6.0"
| #define HAVE_LIBPTHREAD 1
| #define HAVE_LIBRESOLV 1
| #define STDC_HEADERS 1
| #define HAVE_SYS_TYPES_H 1
| #define HAVE_SYS_SOCKET_H 1
| #define HAVE_SYS_TIME_H 1
| #define HAVE_TIME_H 1
| #define HAVE_NETINET_IN_H 1
| #define HAVE_ARPA_INET_H 1
| #define HAVE_ERRNO_H 1
| #define HAVE_FCNTL_H 1
| #define HAVE_NETDB_H 1
| #define HAVE_SIGNAL_H 1
| #define HAVE_STDIO_H 1
| #define HAVE_STDLIB_H 1
| #define HAVE_STRING_H 1
| #define HAVE_SYS_STAT_H 1
| #define HAVE_SYS_UIO_H 1
| #define HAVE_UNISTD_H 1
| #define HAVE_SYS_WAIT_H 1
| #define HAVE_SYS_UN_H 1
| #define HAVE_SYS_PARAM_H 1
| #define HAVE_SYS_SELECT_H 1
| #define HAVE_SYS_SYSCTL_H 1
| #define HAVE_POLL_H 1
| #define HAVE_SYS_EVENT_H 1
| #define HAVE_STRINGS_H 1
| #define HAVE_SYS_IOCTL_H 1
| #define HAVE_SYS_FILIO_H 1
| #define HAVE_SYS_SOCKIO_H 1
| #define HAVE_PTHREAD_H 1
| #define HAVE_NET_IF_DL_H 1
| /* end confdefs.h.  */
| 
| #include <stdio.h>
| #if HAVE_SYS_TYPES_H
| # include <sys/types.h>
| #endif
| #if HAVE_SYS_STAT_H
| # include <sys/stat.h>
| #endif
| #if STDC_HEADERS
| # include <stdlib.h>
| # include <stddef.h>
| #else
| # if HAVE_STDLIB_H
| #  include <stdlib.h>
| # endif
| #endif
| #if HAVE_STRING_H
| # if !STDC_HEADERS && HAVE_MEMORY_H
| #  include <memory.h>
| # endif
| # include <string.h>
| #endif
| #if HAVE_STRINGS_H
| # include <strings.h>
| #endif
| #if HAVE_INTTYPES_H
| # include <inttypes.h>
| #else
| # if HAVE_STDINT_H
| #  include <stdint.h>
| # endif
| #endif
| #if HAVE_UNISTD_H
| # include <unistd.h>
| #endif
| #if HAVE_SYS_PARAM_H
| # include <sys/param.h>
| #endif
| 
| #include <xti_inet.h>
configure:3282: result: no
configure:3208: checking for netconfig.h
configure:3262: gcc -c -g -O2 -D_REENTRANT  conftest.c >&5
configure:3293:10: fatal error: 'netconfig.h' file not found
#include <netconfig.h>
         ^~~~~~~~~~~~~
1 error generated.
configure:3265: $? = 1
configure: failed program was:
| #line 3213 "configure"
| /* confdefs.h.  */
| 
| #define PACKAGE_NAME ""
| #define PACKAGE_TARNAME ""
| #define PACKAGE_VERSION ""
| #define PACKAGE_STRING ""
| #define PACKAGE_BUGREPORT ""
| #define CPU_VENDOR_OS "i386-apple-darwin18.6.0"
| #define HAVE_LIBPTHREAD 1
| #define HAVE_LIBRESOLV 1
| #define STDC_HEADERS 1
| #define HAVE_SYS_TYPES_H 1
| #define HAVE_SYS_SOCKET_H 1
| #define HAVE_SYS_TIME_H 1
| #define HAVE_TIME_H 1
| #define HAVE_NETINET_IN_H 1
| #define HAVE_ARPA_INET_H 1
| #define HAVE_ERRNO_H 1
| #define HAVE_FCNTL_H 1
| #define HAVE_NETDB_H 1
| #define HAVE_SIGNAL_H 1
| #define HAVE_STDIO_H 1
| #define HAVE_STDLIB_H 1
| #define HAVE_STRING_H 1
| #define HAVE_SYS_STAT_H 1
| #define HAVE_SYS_UIO_H 1
| #define HAVE_UNISTD_H 1
| #define HAVE_SYS_WAIT_H 1
| #define HAVE_SYS_UN_H 1
| #define HAVE_SYS_PARAM_H 1
| #define HAVE_SYS_SELECT_H 1
| #define HAVE_SYS_SYSCTL_H 1
| #define HAVE_POLL_H 1
| #define HAVE_SYS_EVENT_H 1
| #define HAVE_STRINGS_H 1
| #define HAVE_SYS_IOCTL_H 1
| #define HAVE_SYS_FILIO_H 1
| #define HAVE_SYS_SOCKIO_H 1
| #define HAVE_PTHREAD_H 1
| #define HAVE_NET_IF_DL_H 1
| /* end confdefs.h.  */
| 
| #include <stdio.h>
| #if HAVE_SYS_TYPES_H
| # include <sys/types.h>
| #endif
| #if HAVE_SYS_STAT_H
| # include <sys/stat.h>
| #endif
| #if STDC_HEADERS
| # include <stdlib.h>
| # include <stddef.h>
| #else
| # if HAVE_STDLIB_H
| #  include <stdlib.h>
| # endif
| #endif
| #if HAVE_STRING_H
| # if !STDC_HEADERS && HAVE_MEMORY_H
| #  include <memory.h>
| # endif
| # include <string.h>
| #endif
| #if HAVE_STRINGS_H
| # include <strings.h>
| #endif
| #if HAVE_INTTYPES_H
| # include <inttypes.h>
| #else
| # if HAVE_STDINT_H
| #  include <stdint.h>
| # endif
| #endif
| #if HAVE_UNISTD_H
| # include <unistd.h>
| #endif
| #if HAVE_SYS_PARAM_H
| # include <sys/param.h>
| #endif
| 
| #include <netconfig.h>
configure:3282: result: no
configure:3208: checking for netdir.h
configure:3262: gcc -c -g -O2 -D_REENTRANT  conftest.c >&5
configure:3293:10: fatal error: 'netdir.h' file not found
#include <netdir.h>
         ^~~~~~~~~~
1 error generated.
configure:3265: $? = 1
configure: failed program was:
| #line 3213 "configure"
| /* confdefs.h.  */
| 
| #define PACKAGE_NAME ""
| #define PACKAGE_TARNAME ""
| #define PACKAGE_VERSION ""
| #define PACKAGE_STRING ""
| #define PACKAGE_BUGREPORT ""
| #define CPU_VENDOR_OS "i386-apple-darwin18.6.0"
| #define HAVE_LIBPTHREAD 1
| #define HAVE_LIBRESOLV 1
| #define STDC_HEADERS 1
| #define HAVE_SYS_TYPES_H 1
| #define HAVE_SYS_SOCKET_H 1
| #define HAVE_SYS_TIME_H 1
| #define HAVE_TIME_H 1
| #define HAVE_NETINET_IN_H 1
| #define HAVE_ARPA_INET_H 1
| #define HAVE_ERRNO_H 1
| #define HAVE_FCNTL_H 1
| #define HAVE_NETDB_H 1
| #define HAVE_SIGNAL_H 1
| #define HAVE_STDIO_H 1
| #define HAVE_STDLIB_H 1
| #define HAVE_STRING_H 1
| #define HAVE_SYS_STAT_H 1
| #define HAVE_SYS_UIO_H 1
| #define HAVE_UNISTD_H 1
| #define HAVE_SYS_WAIT_H 1
| #define HAVE_SYS_UN_H 1
| #define HAVE_SYS_PARAM_H 1
| #define HAVE_SYS_SELECT_H 1
| #define HAVE_SYS_SYSCTL_H 1
| #define HAVE_POLL_H 1
| #define HAVE_SYS_EVENT_H 1
| #define HAVE_STRINGS_H 1
| #define HAVE_SYS_IOCTL_H 1
| #define HAVE_SYS_FILIO_H 1
| #define HAVE_SYS_SOCKIO_H 1
| #define HAVE_PTHREAD_H 1
| #define HAVE_NET_IF_DL_H 1
| /* end confdefs.h.  */
| 
| #include <stdio.h>
| #if HAVE_SYS_TYPES_H
| # include <sys/types.h>
| #endif
| #if HAVE_SYS_STAT_H
| # include <sys/stat.h>
| #endif
| #if STDC_HEADERS
| # include <stdlib.h>
| # include <stddef.h>
| #else
| # if HAVE_STDLIB_H
| #  include <stdlib.h>
| # endif
| #endif
| #if HAVE_STRING_H
| # if !STDC_HEADERS && HAVE_MEMORY_H
| #  include <memory.h>
| # endif
| # include <string.h>
| #endif
| #if HAVE_STRINGS_H
| # include <strings.h>
| #endif
| #if HAVE_INTTYPES_H
| # include <inttypes.h>
| #else
| # if HAVE_STDINT_H
| #  include <stdint.h>
| # endif
| #endif
| #if HAVE_UNISTD_H
| # include <unistd.h>
| #endif
| #if HAVE_SYS_PARAM_H
| # include <sys/param.h>
| #endif
| 
| #include <netdir.h>
configure:3282: result: no
configure:3208: checking for stropts.h
configure:3262: gcc -c -g -O2 -D_REENTRANT  conftest.c >&5
configure:3293:10: fatal error: 'stropts.h' file not found
#include <stropts.h>
         ^~~~~~~~~~~
1 error generated.
configure:3265: $? = 1
configure: failed program was:
| #line 3213 "configure"
| /* confdefs.h.  */
| 
| #define PACKAGE_NAME ""
| #define PACKAGE_TARNAME ""
| #define PACKAGE_VERSION ""
| #define PACKAGE_STRING ""
| #define PACKAGE_BUGREPORT ""
| #define CPU_VENDOR_OS "i386-apple-darwin18.6.0"
| #define HAVE_LIBPTHREAD 1
| #define HAVE_LIBRESOLV 1
| #define STDC_HEADERS 1
| #define HAVE_SYS_TYPES_H 1
| #define HAVE_SYS_SOCKET_H 1
| #define HAVE_SYS_TIME_H 1
| #define HAVE_TIME_H 1
| #define HAVE_NETINET_IN_H 1
| #define HAVE_ARPA_INET_H 1
| #define HAVE_ERRNO_H 1
| #define HAVE_FCNTL_H 1
| #define HAVE_NETDB_H 1
| #define HAVE_SIGNAL_H 1
| #define HAVE_STDIO_H 1
| #define HAVE_STDLIB_H 1
| #define HAVE_STRING_H 1
| #define HAVE_SYS_STAT_H 1
| #define HAVE_SYS_UIO_H 1
| #define HAVE_UNISTD_H 1
| #define HAVE_SYS_WAIT_H 1
| #define HAVE_SYS_UN_H 1
| #define HAVE_SYS_PARAM_H 1
| #define HAVE_SYS_SELECT_H 1
| #define HAVE_SYS_SYSCTL_H 1
| #define HAVE_POLL_H 1
| #define HAVE_SYS_EVENT_H 1
| #define HAVE_STRINGS_H 1
| #define HAVE_SYS_IOCTL_H 1
| #define HAVE_SYS_FILIO_H 1
| #define HAVE_SYS_SOCKIO_H 1
| #define HAVE_PTHREAD_H 1
| #define HAVE_NET_IF_DL_H 1
| /* end confdefs.h.  */
| 
| #include <stdio.h>
| #if HAVE_SYS_TYPES_H
| # include <sys/types.h>
| #endif
| #if HAVE_SYS_STAT_H
| # include <sys/stat.h>
| #endif
| #if STDC_HEADERS
| # include <stdlib.h>
| # include <stddef.h>
| #else
| # if HAVE_STDLIB_H
| #  include <stdlib.h>
| # endif
| #endif
| #if HAVE_STRING_H
| # if !STDC_HEADERS && HAVE_MEMORY_H
| #  include <memory.h>
| # endif
| # include <string.h>
| #endif
| #if HAVE_STRINGS_H
| # include <strings.h>
| #endif
| #if HAVE_INTTYPES_H
| # include <inttypes.h>
| #else
| # if HAVE_STDINT_H
| #  include <stdint.h>
| # endif
| #endif
| #if HAVE_UNISTD_H
| # include <unistd.h>
| #endif
| #if HAVE_SYS_PARAM_H
| # include <sys/param.h>
| #endif
| 
| #include <stropts.h>
configure:3282: result: no
configure:3294: checking whether time.h and sys/time.h may both be included
configure:3320: gcc -c -g -O2 -D_REENTRANT  conftest.c >&5
configure:3323: $? = 0
configure:3326: test -s conftest.o
configure:3329: $? = 0
configure:3340: result: yes
configure:3350: checking if uint8_t defined
configure:3442: gcc -c -g -O2 -D_REENTRANT  conftest.c >&5
configure:3445: $? = 0
configure:3448: test -s conftest.o
configure:3451: $? = 0
configure:3463: result: yes
configure:3473: checking if int16_t defined
configure:3565: gcc -c -g -O2 -D_REENTRANT  conftest.c >&5
configure:3568: $? = 0
configure:3571: test -s conftest.o
configure:3574: $? = 0
configure:3586: result: yes
configure:3596: checking if uint16_t defined
configure:3688: gcc -c -g -O2 -D_REENTRANT  conftest.c >&5
configure:3691: $? = 0
configure:3694: test -s conftest.o
configure:3697: $? = 0
configure:3709: result: yes
configure:3719: checking if int32_t defined
configure:3811: gcc -c -g -O2 -D_REENTRANT  conftest.c >&5
configure:3814: $? = 0
configure:3817: test -s conftest.o
configure:3820: $? = 0
configure:3832: result: yes
configure:3842: checking if uint32_t defined
configure:3934: gcc -c -g -O2 -D_REENTRANT  conftest.c >&5
configure:3937: $? = 0
configure:3940: test -s conftest.o
configure:3943: $? = 0
configure:3955: result: yes
configure:3965: checking if size_t defined
configure:4057: gcc -c -g -O2 -D_REENTRANT  conftest.c >&5
configure:4060: $? = 0
configure:4063: test -s conftest.o
configure:4066: $? = 0
configure:4078: result: yes
configure:4088: checking if ssize_t defined
configure:4180: gcc -c -g -O2 -D_REENTRANT  conftest.c >&5
configure:4183: $? = 0
configure:4186: test -s conftest.o
configure:4189: $? = 0
configure:4201: result: yes
configure:4211: checking if socklen_t defined
configure:4303: gcc -c -g -O2 -D_REENTRANT  conftest.c >&5
configure:4306: $? = 0
configure:4309: test -s conftest.o
configure:4312: $? = 0
configure:4324: result: yes
configure:4334: checking if sa_family_t defined
configure:4426: gcc -c -g -O2 -D_REENTRANT  conftest.c >&5
configure:4429: $? = 0
configure:4432: test -s conftest.o
configure:4435: $? = 0
configure:4447: result: yes
configure:4458: checking if t_scalar_t defined
configure:4565: gcc -c -g -O2 -D_REENTRANT  conftest.c >&5
configure:4594:2: error: use of undeclared identifier 't_scalar_t'
 t_scalar_t foo
 ^
1 error generated.
configure:4568: $? = 1
configure: failed program was:
| #line 4463 "configure"
| /* confdefs.h.  */
| 
| #define PACKAGE_NAME ""
| #define PACKAGE_TARNAME ""
| #define PACKAGE_VERSION ""
| #define PACKAGE_STRING ""
| #define PACKAGE_BUGREPORT ""
| #define CPU_VENDOR_OS "i386-apple-darwin18.6.0"
| #define HAVE_LIBPTHREAD 1
| #define HAVE_LIBRESOLV 1
| #define STDC_HEADERS 1
| #define HAVE_SYS_TYPES_H 1
| #define HAVE_SYS_SOCKET_H 1
| #define HAVE_SYS_TIME_H 1
| #define HAVE_TIME_H 1
| #define HAVE_NETINET_IN_H 1
| #define HAVE_ARPA_INET_H 1
| #define HAVE_ERRNO_H 1
| #define HAVE_FCNTL_H 1
| #define HAVE_NETDB_H 1
| #define HAVE_SIGNAL_H 1
| #define HAVE_STDIO_H 1
| #define HAVE_STDLIB_H 1
| #define HAVE_STRING_H 1
| #define HAVE_SYS_STAT_H 1
| #define HAVE_SYS_UIO_H 1
| #define HAVE_UNISTD_H 1
| #define HAVE_SYS_WAIT_H 1
| #define HAVE_SYS_UN_H 1
| #define HAVE_SYS_PARAM_H 1
| #define HAVE_SYS_SELECT_H 1
| #define HAVE_SYS_SYSCTL_H 1
| #define HAVE_POLL_H 1
| #define HAVE_SYS_EVENT_H 1
| #define HAVE_STRINGS_H 1
| #define HAVE_SYS_IOCTL_H 1
| #define HAVE_SYS_FILIO_H 1
| #define HAVE_SYS_SOCKIO_H 1
| #define HAVE_PTHREAD_H 1
| #define HAVE_NET_IF_DL_H 1
| #define TIME_WITH_SYS_TIME 1
| /* end confdefs.h.  */
| 
| #include	"confdefs.h"	/* the header built by configure so far */
| #ifdef	HAVE_SYS_TYPES_H
| #  include	<sys/types.h>
| #endif
| #ifdef	HAVE_SYS_SOCKET_H
| #  include	<sys/socket.h>
| #endif
| #ifdef	HAVE_SYS_TIME_H
| #  include    <sys/time.h>
| #endif
| #ifdef	HAVE_NETINET_IN_H
| #  include    <netinet/in.h>
| #endif
| #ifdef	HAVE_ARPA_INET_H
| #  include    <arpa/inet.h>
| #endif
| #ifdef	HAVE_ERRNO_H
| #  include    <errno.h>
| #endif
| #ifdef	HAVE_FCNTL_H
| #  include    <fcntl.h>
| #endif
| #ifdef	HAVE_NETDB_H
| #  include	<netdb.h>
| #endif
| #ifdef	HAVE_SIGNAL_H
| #  include	<signal.h>
| #endif
| #ifdef	HAVE_STDIO_H
| #  include	<stdio.h>
| #endif
| #ifdef	HAVE_STDLIB_H
| #  include	<stdlib.h>
| #endif
| #ifdef	HAVE_STRING_H
| #  include	<string.h>
| #endif
| #ifdef	HAVE_SYS_STAT_H
| #  include	<sys/stat.h>
| #endif
| #ifdef	HAVE_SYS_UIO_H
| #  include	<sys/uio.h>
| #endif
| #ifdef	HAVE_UNISTD_H
| #  include	<unistd.h>
| #endif
| #ifdef	HAVE_SYS_WAIT_H
| #  include	<sys/wait.h>
| #endif
| #ifdef	HAVE_SYS_UN_H
| #  include	<sys/un.h>
| #endif
| #ifdef	HAVE_SYS_SELECT_H
| # include   <sys/select.h>
| #endif
| #ifdef	HAVE_STRINGS_H
| # include   <strings.h>
| #endif
| #ifdef	HAVE_SYS_IOCTL_H
| # include   <sys/ioctl.h>
| #endif
| #ifdef	HAVE_SYS_FILIO_H
| # include   <sys/filio.h>
| #endif
| #ifdef	HAVE_SYS_SOCKIO_H
| # include   <sys/sockio.h>
| #endif
| #ifdef	HAVE_PTHREAD_H
| #  include	<pthread.h>
| #endif
| #ifdef	HAVE_POLL_H
| #  include	<poll.h>
| #endif
| #ifdef	HAVE_XTI_H
| #  include	<xti.h>
| #endif
| #ifdef	HAVE_NETCONFIG_H
| #  include	<netconfig.h>
| #endif
| #ifdef	HAVE_NETDIR_H
| #  include	<netdir.h>
| #endif
| #ifdef	HAVE_STROPTS_H
| #  include	<stropts.h>
| #endif
| int
| main ()
| {
|  t_scalar_t foo
|   ;
|   return 0;
| }
configure:4586: result: no
configure:4596: checking if t_uscalar_t defined
configure:4703: gcc -c -g -O2 -D_REENTRANT  conftest.c >&5
configure:4733:2: error: use of undeclared identifier 't_uscalar_t'
 t_uscalar_t foo
 ^
1 error generated.
configure:4706: $? = 1
configure: failed program was:
| #line 4601 "configure"
| /* confdefs.h.  */
| 
| #define PACKAGE_NAME ""
| #define PACKAGE_TARNAME ""
| #define PACKAGE_VERSION ""
| #define PACKAGE_STRING ""
| #define PACKAGE_BUGREPORT ""
| #define CPU_VENDOR_OS "i386-apple-darwin18.6.0"
| #define HAVE_LIBPTHREAD 1
| #define HAVE_LIBRESOLV 1
| #define STDC_HEADERS 1
| #define HAVE_SYS_TYPES_H 1
| #define HAVE_SYS_SOCKET_H 1
| #define HAVE_SYS_TIME_H 1
| #define HAVE_TIME_H 1
| #define HAVE_NETINET_IN_H 1
| #define HAVE_ARPA_INET_H 1
| #define HAVE_ERRNO_H 1
| #define HAVE_FCNTL_H 1
| #define HAVE_NETDB_H 1
| #define HAVE_SIGNAL_H 1
| #define HAVE_STDIO_H 1
| #define HAVE_STDLIB_H 1
| #define HAVE_STRING_H 1
| #define HAVE_SYS_STAT_H 1
| #define HAVE_SYS_UIO_H 1
| #define HAVE_UNISTD_H 1
| #define HAVE_SYS_WAIT_H 1
| #define HAVE_SYS_UN_H 1
| #define HAVE_SYS_PARAM_H 1
| #define HAVE_SYS_SELECT_H 1
| #define HAVE_SYS_SYSCTL_H 1
| #define HAVE_POLL_H 1
| #define HAVE_SYS_EVENT_H 1
| #define HAVE_STRINGS_H 1
| #define HAVE_SYS_IOCTL_H 1
| #define HAVE_SYS_FILIO_H 1
| #define HAVE_SYS_SOCKIO_H 1
| #define HAVE_PTHREAD_H 1
| #define HAVE_NET_IF_DL_H 1
| #define TIME_WITH_SYS_TIME 1
| #define t_scalar_t int32_t
| /* end confdefs.h.  */
| 
| #include	"confdefs.h"	/* the header built by configure so far */
| #ifdef	HAVE_SYS_TYPES_H
| #  include	<sys/types.h>
| #endif
| #ifdef	HAVE_SYS_SOCKET_H
| #  include	<sys/socket.h>
| #endif
| #ifdef	HAVE_SYS_TIME_H
| #  include    <sys/time.h>
| #endif
| #ifdef	HAVE_NETINET_IN_H
| #  include    <netinet/in.h>
| #endif
| #ifdef	HAVE_ARPA_INET_H
| #  include    <arpa/inet.h>
| #endif
| #ifdef	HAVE_ERRNO_H
| #  include    <errno.h>
| #endif
| #ifdef	HAVE_FCNTL_H
| #  include    <fcntl.h>
| #endif
| #ifdef	HAVE_NETDB_H
| #  include	<netdb.h>
| #endif
| #ifdef	HAVE_SIGNAL_H
| #  include	<signal.h>
| #endif
| #ifdef	HAVE_STDIO_H
| #  include	<stdio.h>
| #endif
| #ifdef	HAVE_STDLIB_H
| #  include	<stdlib.h>
| #endif
| #ifdef	HAVE_STRING_H
| #  include	<string.h>
| #endif
| #ifdef	HAVE_SYS_STAT_H
| #  include	<sys/stat.h>
| #endif
| #ifdef	HAVE_SYS_UIO_H
| #  include	<sys/uio.h>
| #endif
| #ifdef	HAVE_UNISTD_H
| #  include	<unistd.h>
| #endif
| #ifdef	HAVE_SYS_WAIT_H
| #  include	<sys/wait.h>
| #endif
| #ifdef	HAVE_SYS_UN_H
| #  include	<sys/un.h>
| #endif
| #ifdef	HAVE_SYS_SELECT_H
| # include   <sys/select.h>
| #endif
| #ifdef	HAVE_STRINGS_H
| # include   <strings.h>
| #endif
| #ifdef	HAVE_SYS_IOCTL_H
| # include   <sys/ioctl.h>
| #endif
| #ifdef	HAVE_SYS_FILIO_H
| # include   <sys/filio.h>
| #endif
| #ifdef	HAVE_SYS_SOCKIO_H
| # include   <sys/sockio.h>
| #endif
| #ifdef	HAVE_PTHREAD_H
| #  include	<pthread.h>
| #endif
| #ifdef	HAVE_POLL_H
| #  include	<poll.h>
| #endif
| #ifdef	HAVE_XTI_H
| #  include	<xti.h>
| #endif
| #ifdef	HAVE_NETCONFIG_H
| #  include	<netconfig.h>
| #endif
| #ifdef	HAVE_NETDIR_H
| #  include	<netdir.h>
| #endif
| #ifdef	HAVE_STROPTS_H
| #  include	<stropts.h>
| #endif
| int
| main ()
| {
|  t_uscalar_t foo
|   ;
|   return 0;
| }
configure:4724: result: no
configure:4735: checking for struct sockaddr.sa_len
configure:4762: gcc -c -g -O2 -D_REENTRANT  conftest.c >&5
configure:4765: $? = 0
configure:4768: test -s conftest.o
configure:4771: $? = 0
configure:4822: result: yes
configure:4848: checking for struct sockaddr_storage
configure:4876: gcc -c -g -O2 -D_REENTRANT  conftest.c >&5
configure:4879: $? = 0
configure:4882: test -s conftest.o
configure:4885: $? = 0
configure:4896: result: yes
configure:4904: checking for struct sockaddr_storage.ss_family
configure:4931: gcc -c -g -O2 -D_REENTRANT  conftest.c >&5
configure:4934: $? = 0
configure:4937: test -s conftest.o
configure:4940: $? = 0
configure:4991: result: yes
configure:5102: checking for struct msghdr.msg_control
configure:5129: gcc -c -g -O2 -D_REENTRANT  conftest.c >&5
configure:5132: $? = 0
configure:5135: test -s conftest.o
configure:5138: $? = 0
configure:5189: result: yes
configure:5200: checking for struct ifreq.ifr_mtu
configure:5227: gcc -c -g -O2 -D_REENTRANT  conftest.c >&5
configure:5230: $? = 0
configure:5233: test -s conftest.o
configure:5236: $? = 0
configure:5287: result: yes
configure:5299: checking for getaddrinfo function prototype in netdb.h
configure:5323: result: yes
configure:5333: checking for getnameinfo function prototype in netdb.h
configure:5357: result: yes
configure:5367: checking for gethostname function prototype in unistd.h
configure:5391: result: yes
configure:5401: checking for getrusage function prototype in sys/resource.h
configure:5425: result: yes
configure:5435: checking for hstrerror function prototype in netdb.h
configure:5459: result: yes
configure:5469: checking for if_nametoindex function prototype in net/if.h
configure:5493: result: yes
configure:5503: checking for inet_aton function prototype in arpa/inet.h
configure:5527: result: yes
configure:5537: checking for inet_pton function prototype in arpa/inet.h
configure:5561: result: yes
configure:5571: checking for pselect function prototype in sys/select.h
configure:5595: result: yes
configure:5605: checking for snprintf function prototype in stdio.h
configure:5629: result: yes
configure:5639: checking for sockatmark function prototype in sys/socket.h
configure:5663: result: yes
configure:5696: checking for struct addrinfo
configure:5723: gcc -c -g -O2 -D_REENTRANT  conftest.c >&5
configure:5726: $? = 0
configure:5729: test -s conftest.o
configure:5732: $? = 0
configure:5743: result: yes
configure:5754: checking for struct if_nameindex
configure:5783: gcc -c -g -O2 -D_REENTRANT  conftest.c >&5
configure:5786: $? = 0
configure:5789: test -s conftest.o
configure:5792: $? = 0
configure:5803: result: yes
configure:5814: checking for struct sockaddr_dl
configure:5843: gcc -c -g -O2 -D_REENTRANT  conftest.c >&5
configure:5846: $? = 0
configure:5849: test -s conftest.o
configure:5852: $? = 0
configure:5863: result: yes
configure:5874: checking for struct timespec
configure:5911: gcc -c -g -O2 -D_REENTRANT  conftest.c >&5
configure:5914: $? = 0
configure:5917: test -s conftest.o
configure:5920: $? = 0
configure:5931: result: yes
configure:5942: checking for /dev/tcp
configure:5953: result: no
configure:5956: checking for /dev/xti/tcp
configure:5967: result: no
configure:5970: checking for /dev/streams/xtiso/tcp
configure:5981: result: no
configure:5991: checking for bzero
configure:6041: gcc -o conftest -g -O2 -D_REENTRANT   conftest.c -lresolv -lpthread  >&5
configure:6075:6: warning: incompatible redeclaration of library function 'bzero' [-Wincompatible-library-redeclaration]
char bzero ();
     ^
configure:6075:6: note: 'bzero' is a builtin with type 'void (void *, unsigned long)'
1 warning generated.
configure:6044: $? = 0
configure:6047: test -s conftest
configure:6050: $? = 0
configure:6061: result: yes
configure:6075: checking for getaddrinfo
configure:6125: gcc -o conftest -g -O2 -D_REENTRANT   conftest.c -lresolv -lpthread  >&5
configure:6128: $? = 0
configure:6131: test -s conftest
configure:6134: $? = 0
configure:6145: result: yes
configure:6159: checking for gethostname
configure:6209: gcc -o conftest -g -O2 -D_REENTRANT   conftest.c -lresolv -lpthread  >&5
configure:6212: $? = 0
configure:6215: test -s conftest
configure:6218: $? = 0
configure:6229: result: yes
configure:6243: checking for gethostbyname2
configure:6293: gcc -o conftest -g -O2 -D_REENTRANT   conftest.c -lresolv -lpthread  >&5
configure:6296: $? = 0
configure:6299: test -s conftest
configure:6302: $? = 0
configure:6313: result: yes
configure:6327: checking for gethostbyname_r
configure:6377: gcc -o conftest -g -O2 -D_REENTRANT   conftest.c -lresolv -lpthread  >&5
Undefined symbols for architecture x86_64:
  "_gethostbyname_r", referenced from:
      _main in conftest-293b30.o
      _f in conftest-293b30.o
ld: symbol(s) not found for architecture x86_64
clang: error: linker command failed with exit code 1 (use -v to see invocation)
configure:6380: $? = 1
configure: failed program was:
| #line 6332 "configure"
| /* confdefs.h.  */
| 
| #define PACKAGE_NAME ""
| #define PACKAGE_TARNAME ""
| #define PACKAGE_VERSION ""
| #define PACKAGE_STRING ""
| #define PACKAGE_BUGREPORT ""
| #define CPU_VENDOR_OS "i386-apple-darwin18.6.0"
| #define HAVE_LIBPTHREAD 1
| #define HAVE_LIBRESOLV 1
| #define STDC_HEADERS 1
| #define HAVE_SYS_TYPES_H 1
| #define HAVE_SYS_SOCKET_H 1
| #define HAVE_SYS_TIME_H 1
| #define HAVE_TIME_H 1
| #define HAVE_NETINET_IN_H 1
| #define HAVE_ARPA_INET_H 1
| #define HAVE_ERRNO_H 1
| #define HAVE_FCNTL_H 1
| #define HAVE_NETDB_H 1
| #define HAVE_SIGNAL_H 1
| #define HAVE_STDIO_H 1
| #define HAVE_STDLIB_H 1
| #define HAVE_STRING_H 1
| #define HAVE_SYS_STAT_H 1
| #define HAVE_SYS_UIO_H 1
| #define HAVE_UNISTD_H 1
| #define HAVE_SYS_WAIT_H 1
| #define HAVE_SYS_UN_H 1
| #define HAVE_SYS_PARAM_H 1
| #define HAVE_SYS_SELECT_H 1
| #define HAVE_SYS_SYSCTL_H 1
| #define HAVE_POLL_H 1
| #define HAVE_SYS_EVENT_H 1
| #define HAVE_STRINGS_H 1
| #define HAVE_SYS_IOCTL_H 1
| #define HAVE_SYS_FILIO_H 1
| #define HAVE_SYS_SOCKIO_H 1
| #define HAVE_PTHREAD_H 1
| #define HAVE_NET_IF_DL_H 1
| #define TIME_WITH_SYS_TIME 1
| #define t_scalar_t int32_t
| #define t_uscalar_t uint32_t
| #define HAVE_SOCKADDR_SA_LEN 1
| #define HAVE_STRUCT_SOCKADDR_STORAGE 1
| #define HAVE_MSGHDR_MSG_CONTROL 1
| #define HAVE_STRUCT_IFREQ_IFR_MTU 1
| #define HAVE_GETADDRINFO_PROTO 1
| #define HAVE_GETNAMEINFO_PROTO 1
| #define HAVE_GETHOSTNAME_PROTO 1
| #define HAVE_GETRUSAGE_PROTO 1
| #define HAVE_HSTRERROR_PROTO 1
| #define HAVE_IF_NAMETOINDEX_PROTO 1
| #define HAVE_INET_ATON_PROTO 1
| #define HAVE_INET_PTON_PROTO 1
| #define HAVE_PSELECT_PROTO 1
| #define HAVE_SNPRINTF_PROTO 1
| #define HAVE_SOCKATMARK_PROTO 1
| #define HAVE_ADDRINFO_STRUCT 1
| #define HAVE_IF_NAMEINDEX_STRUCT 1
| #define HAVE_SOCKADDR_DL_STRUCT 1
| #define HAVE_TIMESPEC_STRUCT 1
| #define HAVE_BZERO 1
| #define HAVE_GETADDRINFO 1
| #define HAVE_GETHOSTNAME 1
| #define HAVE_GETHOSTBYNAME2 1
| /* end confdefs.h.  */
| /* System header to define __stub macros and hopefully few prototypes,
|     which can conflict with char gethostbyname_r (); below.
|     Prefer <limits.h> to <assert.h> if __STDC__ is defined, since
|     <limits.h> exists even on freestanding compilers.  */
| #ifdef __STDC__
| # include <limits.h>
| #else
| # include <assert.h>
| #endif
| /* Override any gcc2 internal prototype to avoid an error.  */
| #ifdef __cplusplus
| extern "C"
| {
| #endif
| /* We use char because int might match the return type of a gcc2
|    builtin and then its argument prototype would still apply.  */
| char gethostbyname_r ();
| /* The GNU C library defines this for functions which it implements
|     to always fail with ENOSYS.  Some functions are actually named
|     something starting with __ and the normal name is an alias.  */
| #if defined (__stub_gethostbyname_r) || defined (__stub___gethostbyname_r)
| choke me
| #else
| char (*f) () = gethostbyname_r;
| #endif
| #ifdef __cplusplus
| }
| #endif
| 
| int
| main ()
| {
| return f != gethostbyname_r;
|   ;
|   return 0;
| }
configure:6397: result: no
configure:6411: checking for getnameinfo
configure:6461: gcc -o conftest -g -O2 -D_REENTRANT   conftest.c -lresolv -lpthread  >&5
configure:6464: $? = 0
configure:6467: test -s conftest
configure:6470: $? = 0
configure:6481: result: yes
configure:6495: checking for hstrerror
configure:6545: gcc -o conftest -g -O2 -D_REENTRANT   conftest.c -lresolv -lpthread  >&5
configure:6548: $? = 0
configure:6551: test -s conftest
configure:6554: $? = 0
configure:6565: result: yes
configure:6579: checking for if_nametoindex
configure:6629: gcc -o conftest -g -O2 -D_REENTRANT   conftest.c -lresolv -lpthread  >&5
configure:6632: $? = 0
configure:6635: test -s conftest
configure:6638: $? = 0
configure:6649: result: yes
configure:6663: checking for inet_aton
configure:6713: gcc -o conftest -g -O2 -D_REENTRANT   conftest.c -lresolv -lpthread  >&5
configure:6716: $? = 0
configure:6719: test -s conftest
configure:6722: $? = 0
configure:6733: result: yes
configure:6747: checking for inet_pton
configure:6797: gcc -o conftest -g -O2 -D_REENTRANT   conftest.c -lresolv -lpthread  >&5
configure:6800: $? = 0
configure:6803: test -s conftest
configure:6806: $? = 0
configure:6817: result: yes
configure:6831: checking for inet6_rth_init
configure:6881: gcc -o conftest -g -O2 -D_REENTRANT   conftest.c -lresolv -lpthread  >&5
configure:6884: $? = 0
configure:6887: test -s conftest
configure:6890: $? = 0
configure:6901: result: yes
configure:6916: checking for kqueue
configure:6966: gcc -o conftest -g -O2 -D_REENTRANT   conftest.c -lresolv -lpthread  >&5
configure:6969: $? = 0
configure:6972: test -s conftest
configure:6975: $? = 0
configure:6986: result: yes
configure:6916: checking for kevent
configure:6966: gcc -o conftest -g -O2 -D_REENTRANT   conftest.c -lresolv -lpthread  >&5
configure:6969: $? = 0
configure:6972: test -s conftest
configure:6975: $? = 0
configure:6986: result: yes
configure:7000: checking for mkstemp
configure:7050: gcc -o conftest -g -O2 -D_REENTRANT   conftest.c -lresolv -lpthread  >&5
configure:7053: $? = 0
configure:7056: test -s conftest
configure:7059: $? = 0
configure:7070: result: yes
configure:7084: checking for poll
configure:7134: gcc -o conftest -g -O2 -D_REENTRANT   conftest.c -lresolv -lpthread  >&5
configure:7137: $? = 0
configure:7140: test -s conftest
configure:7143: $? = 0
configure:7154: result: yes
configure:7168: checking for pselect
configure:7218: gcc -o conftest -g -O2 -D_REENTRANT   conftest.c -lresolv -lpthread  >&5
configure:7221: $? = 0
configure:7224: test -s conftest
configure:7227: $? = 0
configure:7238: result: yes
configure:7252: checking for snprintf
configure:7302: gcc -o conftest -g -O2 -D_REENTRANT   conftest.c -lresolv -lpthread  >&5
configure:7351:6: warning: incompatible redeclaration of library function 'snprintf' [-Wincompatible-library-redeclaration]
char snprintf ();
     ^
configure:7351:6: note: 'snprintf' is a builtin with type 'int (char *, unsigned long, const char *, ...)'
1 warning generated.
configure:7305: $? = 0
configure:7308: test -s conftest
configure:7311: $? = 0
configure:7322: result: yes
configure:7336: checking for sockatmark
configure:7386: gcc -o conftest -g -O2 -D_REENTRANT   conftest.c -lresolv -lpthread  >&5
configure:7389: $? = 0
configure:7392: test -s conftest
configure:7395: $? = 0
configure:7406: result: yes
configure:7420: checking for vsnprintf
configure:7470: gcc -o conftest -g -O2 -D_REENTRANT   conftest.c -lresolv -lpthread  >&5
configure:7521:6: warning: incompatible redeclaration of library function 'vsnprintf' [-Wincompatible-library-redeclaration]
char vsnprintf ();
     ^
configure:7521:6: note: 'vsnprintf' is a builtin with type 'int (char *, unsigned long, const char *, struct __va_list_tag *)'
1 warning generated.
configure:7473: $? = 0
configure:7476: test -s conftest
configure:7479: $? = 0
configure:7490: result: yes
configure:7502: checking for IPv4 support
configure:7533: gcc -o conftest -g -O2 -D_REENTRANT   conftest.c -lresolv -lpthread  >&5
configure:7598:2: warning: type specifier missing, defaults to 'int' [-Wimplicit-int]
        main()
        ^
configure:7603:3: warning: implicitly declaring library function 'exit' with type 'void (int) __attribute__((noreturn))' [-Wimplicit-function-declaration]
                exit(fd >= 0 ? 0 : 1);
                ^
configure:7603:3: note: include the header <stdlib.h> or explicitly provide a declaration for 'exit'
2 warnings generated.
configure:7536: $? = 0
configure:7538: ./conftest
configure:7541: $? = 0
configure:7556: result: yes
configure:7571: checking for IPv6 support
configure:7602: gcc -o conftest -g -O2 -D_REENTRANT   conftest.c -lresolv -lpthread  >&5
configure:7669:2: warning: type specifier missing, defaults to 'int' [-Wimplicit-int]
        main()
        ^
configure:7674:3: warning: implicitly declaring library function 'exit' with type 'void (int) __attribute__((noreturn))' [-Wimplicit-function-declaration]
                exit(fd >= 0 ? 0 : 1);
                ^
configure:7674:3: note: include the header <stdlib.h> or explicitly provide a declaration for 'exit'
2 warnings generated.
configure:7605: $? = 0
configure:7607: ./conftest
configure:7610: $? = 0
configure:7625: result: yes
configure:7640: checking for Unix domain sockets
configure:7671: gcc -o conftest -g -O2 -D_REENTRANT   conftest.c -lresolv -lpthread  >&5
configure:7740:2: warning: type specifier missing, defaults to 'int' [-Wimplicit-int]
        main()
        ^
configure:7745:3: warning: implicitly declaring library function 'exit' with type 'void (int) __attribute__((noreturn))' [-Wimplicit-function-declaration]
                exit(fd >= 0 ? 0 : 1);
                ^
configure:7745:3: note: include the header <stdlib.h> or explicitly provide a declaration for 'exit'
2 warnings generated.
configure:7674: $? = 0
configure:7676: ./conftest
configure:7679: $? = 0
configure:7694: result: yes
configure:7709: checking for multicast support
configure:7743: gcc -o conftest -g -O2 -D_REENTRANT   conftest.c -lresolv -lpthread  >&5
configure:7808:2: warning: type specifier missing, defaults to 'int' [-Wimplicit-int]
        main()
        ^
configure:7815:15: warning: implicitly declaring library function 'exit' with type 'void (int) __attribute__((noreturn))' [-Wimplicit-function-declaration]
                if (fd < 0) exit(1);
                            ^
configure:7815:15: note: include the header <stdlib.h> or explicitly provide a declaration for 'exit'
2 warnings generated.
configure:7746: $? = 0
configure:7748: ./conftest
configure:7751: $? = 0
configure:7766: result: yes
configure:7902: checking for -I/Users/evian/doc/unp2ev1/src/include
configure:7909: result: no
configure:8023: creating ./config.status

## ---------------------- ##
## Running config.status. ##
## ---------------------- ##

This file was extended by config.status, which was
generated by GNU Autoconf 2.57.  Invocation command line was

  CONFIG_FILES    = 
  CONFIG_HEADERS  = 
  CONFIG_LINKS    = 
  CONFIG_COMMANDS = 
  $ ./config.status 

on 192.168.0.106

config.status:628: creating Makefile
config.status:628: creating Make.defines
config.status:731: creating config.h

## ---------------- ##
## Cache variables. ##
## ---------------- ##

ac_cv_build=i386-apple-darwin18.6.0
ac_cv_build_alias=i386-apple-darwin18.6.0
ac_cv_c_compiler_gnu=yes
ac_cv_env_CC_set=
ac_cv_env_CC_value=
ac_cv_env_CFLAGS_set=
ac_cv_env_CFLAGS_value=
ac_cv_env_CPPFLAGS_set=
ac_cv_env_CPPFLAGS_value=
ac_cv_env_CPP_set=
ac_cv_env_CPP_value=
ac_cv_env_LDFLAGS_set=
ac_cv_env_LDFLAGS_value=
ac_cv_env_build_alias_set=
ac_cv_env_build_alias_value=
ac_cv_env_host_alias_set=
ac_cv_env_host_alias_value=
ac_cv_env_target_alias_set=
ac_cv_env_target_alias_value=
ac_cv_exeext=
ac_cv_func_bzero=yes
ac_cv_func_getaddrinfo=yes
ac_cv_func_gethostbyname2=yes
ac_cv_func_gethostbyname_r=no
ac_cv_func_gethostname=yes
ac_cv_func_getnameinfo=yes
ac_cv_func_hstrerror=yes
ac_cv_func_if_nametoindex=yes
ac_cv_func_inet6_rth_init=yes
ac_cv_func_inet_aton=yes
ac_cv_func_inet_pton=yes
ac_cv_func_kevent=yes
ac_cv_func_kqueue=yes
ac_cv_func_mkstemp=yes
ac_cv_func_poll=yes
ac_cv_func_pselect=yes
ac_cv_func_snprintf=yes
ac_cv_func_sockatmark=yes
ac_cv_func_vsnprintf=yes
ac_cv_have_getaddrinfo_proto=yes
ac_cv_have_gethostname_proto=yes
ac_cv_have_getnameinfo_proto=yes
ac_cv_have_getrusage_proto=yes
ac_cv_have_hstrerror_proto=yes
ac_cv_have_if_nametoindex_proto=yes
ac_cv_have_inet_aton_proto=yes
ac_cv_have_inet_pton_proto=yes
ac_cv_have_pselect_proto=yes
ac_cv_have_snprintf_proto=yes
ac_cv_have_sockatmark_proto=yes
ac_cv_header_arpa_inet_h=yes
ac_cv_header_errno_h=yes
ac_cv_header_fcntl_h=yes
ac_cv_header_net_if_dl_h=yes
ac_cv_header_netconfig_h=no
ac_cv_header_netdb_h=yes
ac_cv_header_netdir_h=no
ac_cv_header_netinet_in_h=yes
ac_cv_header_poll_h=yes
ac_cv_header_pthread_h=yes
ac_cv_header_signal_h=yes
ac_cv_header_stdc=yes
ac_cv_header_stdio_h=yes
ac_cv_header_stdlib_h=yes
ac_cv_header_string_h=yes
ac_cv_header_strings_h=yes
ac_cv_header_stropts_h=no
ac_cv_header_sys_event_h=yes
ac_cv_header_sys_filio_h=yes
ac_cv_header_sys_ioctl_h=yes
ac_cv_header_sys_param_h=yes
ac_cv_header_sys_select_h=yes
ac_cv_header_sys_socket_h=yes
ac_cv_header_sys_sockio_h=yes
ac_cv_header_sys_stat_h=yes
ac_cv_header_sys_sysctl_h=yes
ac_cv_header_sys_time_h=yes
ac_cv_header_sys_types_h=yes
ac_cv_header_sys_uio_h=yes
ac_cv_header_sys_un_h=yes
ac_cv_header_sys_wait_h=yes
ac_cv_header_time=yes
ac_cv_header_time_h=yes
ac_cv_header_unistd_h=yes
ac_cv_header_xti_h=no
ac_cv_header_xti_inet_h=no
ac_cv_host=i386-apple-darwin18.6.0
ac_cv_host_alias=i386-apple-darwin18.6.0
ac_cv_ipv4=yes
ac_cv_ipv6=yes
ac_cv_lib_nsl_t_open=no
ac_cv_lib_pthread_pthread_create=yes
ac_cv_lib_resolv_res_init=yes
ac_cv_lib_xti_t_open=no
ac_cv_member_struct_ifreq_ifr_mtu=yes
ac_cv_member_struct_msghdr_msg_control=yes
ac_cv_member_struct_sockaddr_sa_len=yes
ac_cv_member_struct_sockaddr_storage_ss_family=yes
ac_cv_multicast=yes
ac_cv_objext=o
ac_cv_prog_CPP='gcc -E'
ac_cv_prog_ac_ct_CC=gcc
ac_cv_prog_ac_ct_RANLIB=ranlib
ac_cv_prog_cc_g=yes
ac_cv_prog_cc_stdc=
ac_cv_prog_egrep='grep -E'
ac_cv_search_socket='none required'
ac_cv_type_int16_t=yes
ac_cv_type_int32_t=yes
ac_cv_type_sa_family_t=yes
ac_cv_type_size_t=yes
ac_cv_type_socklen_t=yes
ac_cv_type_ssize_t=yes
ac_cv_type_struct_addrinfo=yes
ac_cv_type_struct_if_nameindex=yes
ac_cv_type_struct_sockaddr_dl=yes
ac_cv_type_struct_sockaddr_storage=yes
ac_cv_type_struct_timespec=yes
ac_cv_type_t_scalar_t=no
ac_cv_type_t_uscalar_t=no
ac_cv_type_uint16_t=yes
ac_cv_type_uint32_t=yes
ac_cv_type_uint8_t=yes
ac_cv_unixdomain=yes

## ----------------- ##
## Output variables. ##
## ----------------- ##

CC='gcc'
CFLAGS='-g -O2 -D_REENTRANT -Wall'
CPP='gcc -E'
CPPFLAGS=''
DEFS='-DHAVE_CONFIG_H'
ECHO_C='ECHO_N=''
ECHO_T=''
EGREP='grep -E'
EXEEXT=''
LDFLAGS=''
LIBFREE_OBJS=' in_cksum.o inet_ntop.o inet_pton.o'
LIBGAI_OBJS=''
LIBOBJS=''
LIBROUTE_OBJS='get_rtaddrs.o if_indextoname.o if_nameindex.o if_nametoindex.o net_rt_iflist.o net_rt_dump.o sock_masktop.o'
LIBS='-lresolv -lpthread'
LIBS_XTI='-lresolv -lpthread'
LIBUNP='../libunp.a'
LIBUNPXTI='../libunpxti.a'
LIBUNPXTI_NAME='../libunpxti.a'
LIBUNP_NAME='../libunp.a'
LIBXTI_OBJS=' wrapxti.o xti_accept.o xti_flags_str.o xti_getopt.o xti_ntop.o xti_ntop_host.o xti_rdwr.o xti_setopt.o xti_str_opts.o xti_tlook_str.o'
LIB_OBJS=' connect_nonb.o connect_timeo.o daemon_inetd.o daemon_init.o dg_cli.o dg_echo.o error.o get_ifi_info.o gf_time.o host_serv.o family_to_level.o mcast_leave.o mcast_join.o mcast_get_if.o mcast_get_loop.o mcast_get_ttl.o mcast_set_if.o mcast_set_loop.o mcast_set_ttl.o my_addrs.o read_fd.o readline.o readn.o readable_timeo.o rtt.o signal.o signal_intr.o sock_bind_wild.o sock_cmp_addr.o sock_cmp_port.o sock_ntop.o sock_ntop_host.o sock_get_port.o sock_set_addr.o sock_set_port.o sock_set_wild.o sockfd_to_family.o str_cli.o str_echo.o tcp_connect.o tcp_listen.o tv_sub.o udp_client.o udp_connect.o udp_server.o wraplib.o wrapsock.o wrapstdio.o wrappthread.o wrapunix.o write_fd.o writen.o writable_timeo.o'
LTLIBOBJS=''
OBJEXT='o'
PACKAGE_BUGREPORT=''
PACKAGE_NAME=''
PACKAGE_STRING=''
PACKAGE_TARNAME=''
PACKAGE_VERSION=''
PATH_SEPARATOR=':'
RANLIB='ranlib'
SHELL='/bin/sh'
ac_ct_CC='gcc'
ac_ct_RANLIB='ranlib'
bindir='${exec_prefix}/bin'
build='i386-apple-darwin18.6.0'
build_alias=''
build_cpu='i386'
build_os='darwin18.6.0'
build_vendor='apple'
datadir='${prefix}/share'
exec_prefix='${prefix}'
host='i386-apple-darwin18.6.0'
host_alias=''
host_cpu='i386'
host_os='darwin18.6.0'
host_vendor='apple'
includedir='${prefix}/include'
infodir='${prefix}/info'
libdir='${exec_prefix}/lib'
libexecdir='${exec_prefix}/libexec'
localstatedir='${prefix}/var'
mandir='${prefix}/man'
oldincludedir='/usr/include'
prefix='/usr/local'
program_transform_name='s,x,x,'
sbindir='${exec_prefix}/sbin'
sharedstatedir='${prefix}/com'
sysconfdir='${prefix}/etc'
target_alias=''

## ----------- ##
## confdefs.h. ##
## ----------- ##

#define CPU_VENDOR_OS "i386-apple-darwin18.6.0"
#define HAVE_ADDRINFO_STRUCT 1
#define HAVE_ARPA_INET_H 1
#define HAVE_BZERO 1
#define HAVE_ERRNO_H 1
#define HAVE_FCNTL_H 1
#define HAVE_GETADDRINFO 1
#define HAVE_GETADDRINFO_PROTO 1
#define HAVE_GETHOSTBYNAME2 1
#define HAVE_GETHOSTNAME 1
#define HAVE_GETHOSTNAME_PROTO 1
#define HAVE_GETNAMEINFO 1
#define HAVE_GETNAMEINFO_PROTO 1
#define HAVE_GETRUSAGE_PROTO 1
#define HAVE_HSTRERROR 1
#define HAVE_HSTRERROR_PROTO 1
#define HAVE_IF_NAMEINDEX_STRUCT 1
#define HAVE_IF_NAMETOINDEX 1
#define HAVE_IF_NAMETOINDEX_PROTO 1
#define HAVE_INET6_RTH_INIT 1
#define HAVE_INET_ATON 1
#define HAVE_INET_ATON_PROTO 1
#define HAVE_INET_PTON 1
#define HAVE_INET_PTON_PROTO 1
#define HAVE_KEVENT 1
#define HAVE_KQUEUE 1
#define HAVE_LIBPTHREAD 1
#define HAVE_LIBRESOLV 1
#define HAVE_MKSTEMP 1
#define HAVE_MSGHDR_MSG_CONTROL 1
#define HAVE_NETDB_H 1
#define HAVE_NETINET_IN_H 1
#define HAVE_NET_IF_DL_H 1
#define HAVE_POLL 1
#define HAVE_POLL_H 1
#define HAVE_PSELECT 1
#define HAVE_PSELECT_PROTO 1
#define HAVE_PTHREAD_H 1
#define HAVE_SIGNAL_H 1
#define HAVE_SNPRINTF 1
#define HAVE_SNPRINTF_PROTO 1
#define HAVE_SOCKADDR_DL_STRUCT 1
#define HAVE_SOCKADDR_SA_LEN 1
#define HAVE_SOCKATMARK 1
#define HAVE_SOCKATMARK_PROTO 1
#define HAVE_STDIO_H 1
#define HAVE_STDLIB_H 1
#define HAVE_STRINGS_H 1
#define HAVE_STRING_H 1
#define HAVE_STRUCT_IFREQ_IFR_MTU 1
#define HAVE_STRUCT_SOCKADDR_STORAGE 1
#define HAVE_SYS_EVENT_H 1
#define HAVE_SYS_FILIO_H 1
#define HAVE_SYS_IOCTL_H 1
#define HAVE_SYS_PARAM_H 1
#define HAVE_SYS_SELECT_H 1
#define HAVE_SYS_SOCKET_H 1
#define HAVE_SYS_SOCKIO_H 1
#define HAVE_SYS_STAT_H 1
#define HAVE_SYS_SYSCTL_H 1
#define HAVE_SYS_TIME_H 1
#define HAVE_SYS_TYPES_H 1
#define HAVE_SYS_UIO_H 1
#define HAVE_SYS_UN_H 1
#define HAVE_SYS_WAIT_H 1
#define HAVE_TIMESPEC_STRUCT 1
#define HAVE_TIME_H 1
#define HAVE_UNISTD_H 1
#define HAVE_VSNPRINTF 1
#define IPV4 1
#define IPV6 1
#define IPv4 1
#define IPv6 1
#define MCAST 1
#define PACKAGE_BUGREPORT ""
#define PACKAGE_NAME ""
#define PACKAGE_STRING ""
#define PACKAGE_TARNAME ""
#define PACKAGE_VERSION ""
#define STDC_HEADERS 1
#define TIME_WITH_SYS_TIME 1
#define UNIXDOMAIN 1
#define UNIXdomain 1
#define t_scalar_t int32_t
#define t_uscalar_t uint32_t

configure: exit 0
